DEBUG main org.apache.axis.transport.http.HTTPSender - HTTP/1.1 200 OK
DEBUG main org.apache.axis.transport.http.HTTPSender - Server Apache-Coyote/1.1
DEBUG main org.apache.axis.transport.http.HTTPSender - X-Powered-By Servlet 2.5; JBoss-5.0/JBossWeb-2.1
DEBUG main org.apache.axis.transport.http.HTTPSender - X-XSS-Protection 1
DEBUG main org.apache.axis.transport.http.HTTPSender - X-Content-Type-Options nosniff
DEBUG main org.apache.axis.transport.http.HTTPSender - X-Frame-Options sameorigin
DEBUG main org.apache.axis.transport.http.HTTPSender - Cache-Control no-cache
DEBUG main org.apache.axis.transport.http.HTTPSender - Pragma no-cache
DEBUG main org.apache.axis.transport.http.HTTPSender - Content-Type text/xml;charset=UTF-8
DEBUG main org.apache.axis.transport.http.HTTPSender - Date Thu, 18 Mar 2021 18:32:23 GMT
DEBUG main org.apache.axis.transport.http.HTTPSender - Connection close
DEBUG main org.apache.axis.SOAPPart - Enter: SOAPPart ctor(FORM_INPUTSTREAM)
DEBUG main org.apache.axis.i18n.ProjectResourceBundle - org.apache.axis.i18n.resource::handleGetObject(setMsgForm)
DEBUG main org.apache.axis.SOAPPart - Setting current message form to: FORM_INPUTSTREAM (currentMessage is now org.apache.axis.transport.http.SocketInputStream)
DEBUG main org.apache.axis.SOAPPart - Exit: SOAPPart ctor()
DEBUG main org.apache.axis.i18n.ProjectResourceBundle - org.apache.axis.i18n.resource::handleGetObject(no00)
DEBUG main org.apache.axis.transport.http.HTTPSender - 
no Content-Length
DEBUG main org.apache.axis.i18n.ProjectResourceBundle - org.apache.axis.i18n.resource::handleGetObject(xmlRecd00)
DEBUG main org.apache.axis.transport.http.HTTPSender - 
XML received:
DEBUG main org.apache.axis.transport.http.HTTPSender - -----------------------------------------------
DEBUG main org.apache.axis.SOAPPart - Enter: SOAPPart::getAsSOAPEnvelope()
DEBUG main org.apache.axis.i18n.ProjectResourceBundle - org.apache.axis.i18n.resource::handleGetObject(currForm)
DEBUG main org.apache.axis.SOAPPart - current form is FORM_INPUTSTREAM
DEBUG main org.apache.axis.i18n.ProjectResourceBundle - org.apache.axis.i18n.resource::handleGetObject(pushHandler00)
DEBUG main org.apache.axis.encoding.DeserializationContext - Pushing handler org.apache.axis.message.EnvelopeHandler@5f058f00
DEBUG main org.apache.axis.encoding.DeserializationContext - Enter: DeserializationContext::startPrefixMapping(env, http://schemas.xmlsoap.org/soap/envelope/)
DEBUG main org.apache.axis.utils.NSStack - NSPush (32)
DEBUG main org.apache.axis.utils.NSStack - NSPush (32)
DEBUG main org.apache.axis.encoding.DeserializationContext - Exit: DeserializationContext::startPrefixMapping()
DEBUG main org.apache.axis.encoding.DeserializationContext - Enter: DeserializationContext::startElement(http://schemas.xmlsoap.org/soap/envelope/, Envelope)
DEBUG main org.apache.axis.i18n.ProjectResourceBundle - org.apache.axis.i18n.resource::handleGetObject(pushHandler00)
DEBUG main org.apache.axis.encoding.DeserializationContext - Pushing handler org.apache.axis.message.EnvelopeBuilder@192d43ce
DEBUG main org.apache.axis.encoding.DeserializationContext - Pushing element Envelope
DEBUG main org.apache.axis.encoding.DeserializationContext - Exit: DeserializationContext::startElement()
DEBUG main org.apache.axis.encoding.DeserializationContext - Enter: DeserializationContext::startElement(http://schemas.xmlsoap.org/soap/envelope/, Header)
DEBUG main org.apache.axis.i18n.ProjectResourceBundle - org.apache.axis.i18n.resource::handleGetObject(pushHandler00)
DEBUG main org.apache.axis.encoding.DeserializationContext - Pushing handler org.apache.axis.message.HeaderBuilder@72057ecf
DEBUG main org.apache.axis.i18n.ProjectResourceBundle - org.apache.axis.i18n.resource::handleGetObject(newElem00)
DEBUG main org.apache.axis.message.MessageElement - New MessageElement (org.apache.axis.message.SOAPHeader@1afd44cb) named {env}Header
DEBUG main org.apache.axis.encoding.DeserializationContext - Pushing element Header
DEBUG main org.apache.axis.utils.NSStack - NSPush (32)
DEBUG main org.apache.axis.encoding.DeserializationContext - Exit: DeserializationContext::startElement()
DEBUG main org.apache.axis.encoding.DeserializationContext - Enter: DeserializationContext::endElement(http://schemas.xmlsoap.org/soap/envelope/, Header)
DEBUG main org.apache.axis.i18n.ProjectResourceBundle - org.apache.axis.i18n.resource::handleGetObject(popHandler00)
DEBUG main org.apache.axis.encoding.DeserializationContext - Popping handler org.apache.axis.message.HeaderBuilder@72057ecf
DEBUG main org.apache.axis.utils.NSStack - NSPop (32)
DEBUG main org.apache.axis.encoding.DeserializationContext - Popped element stack to org.apache.axis.message.SOAPEnvelope:Envelope
DEBUG main org.apache.axis.encoding.DeserializationContext - Exit: DeserializationContext::endElement()
DEBUG main org.apache.axis.encoding.DeserializationContext - Enter: DeserializationContext::startElement(http://schemas.xmlsoap.org/soap/envelope/, Body)
DEBUG main org.apache.axis.i18n.ProjectResourceBundle - org.apache.axis.i18n.resource::handleGetObject(pushHandler00)
DEBUG main org.apache.axis.encoding.DeserializationContext - Pushing handler org.apache.axis.message.BodyBuilder@43195e57
DEBUG main org.apache.axis.i18n.ProjectResourceBundle - org.apache.axis.i18n.resource::handleGetObject(newElem00)
DEBUG main org.apache.axis.message.MessageElement - New MessageElement (org.apache.axis.message.SOAPBody@333291e3) named {env}Body
DEBUG main org.apache.axis.encoding.DeserializationContext - Pushing element Body
DEBUG main org.apache.axis.utils.NSStack - NSPush (32)
DEBUG main org.apache.axis.encoding.DeserializationContext - Exit: DeserializationContext::startElement()
DEBUG main org.apache.axis.encoding.DeserializationContext - Enter: DeserializationContext::startPrefixMapping(ns1, http://ws.evidencia.ares.softcol.com.co/)
DEBUG main org.apache.axis.utils.NSStack - NSPush (32)
DEBUG main org.apache.axis.utils.NSStack - NSPush (32)
DEBUG main org.apache.axis.encoding.DeserializationContext - Exit: DeserializationContext::startPrefixMapping()
DEBUG main org.apache.axis.encoding.DeserializationContext - Enter: DeserializationContext::startElement(http://ws.evidencia.ares.softcol.com.co/, registrarEvidenciaDigitalResponse)
DEBUG main org.apache.axis.message.BodyBuilder - Enter: BodyBuilder::onStartChild()
DEBUG main org.apache.axis.i18n.ProjectResourceBundle - org.apache.axis.i18n.resource::handleGetObject(newElem00)
DEBUG main org.apache.axis.message.MessageElement - New MessageElement (org.apache.axis.message.RPCElement@479d31f3) named {ns1}registrarEvidenciaDigitalResponse
DEBUG main org.apache.axis.message.BodyBuilder - Exit: BodyBuilder::onStartChild()
DEBUG main org.apache.axis.i18n.ProjectResourceBundle - org.apache.axis.i18n.resource::handleGetObject(pushHandler00)
DEBUG main org.apache.axis.encoding.DeserializationContext - Pushing handler org.apache.axis.message.SOAPHandler@40ef3420
DEBUG main org.apache.axis.encoding.DeserializationContext - Pushing element registrarEvidenciaDigitalResponse
DEBUG main org.apache.axis.encoding.DeserializationContext - Exit: DeserializationContext::startElement()
DEBUG main org.apache.axis.encoding.DeserializationContext - Enter: DeserializationContext::startElement(, return)
DEBUG main org.apache.axis.i18n.ProjectResourceBundle - org.apache.axis.i18n.resource::handleGetObject(pushHandler00)
DEBUG main org.apache.axis.encoding.DeserializationContext - Pushing handler org.apache.axis.message.SOAPHandler@498d318c
DEBUG main org.apache.axis.i18n.ProjectResourceBundle - org.apache.axis.i18n.resource::handleGetObject(newElem00)
DEBUG main org.apache.axis.message.MessageElement - New MessageElement (org.apache.axis.message.MessageElement@6e171cd7) named {}return
DEBUG main org.apache.axis.encoding.DeserializationContext - Pushing element return
DEBUG main org.apache.axis.utils.NSStack - NSPush (32)
DEBUG main org.apache.axis.encoding.DeserializationContext - Exit: DeserializationContext::startElement()
DEBUG main org.apache.axis.encoding.DeserializationContext - Enter: DeserializationContext::startElement(, idRegisteredEvidence)
DEBUG main org.apache.axis.i18n.ProjectResourceBundle - org.apache.axis.i18n.resource::handleGetObject(pushHandler00)
DEBUG main org.apache.axis.encoding.DeserializationContext - Pushing handler org.apache.axis.message.SOAPHandler@402bba4f
DEBUG main org.apache.axis.i18n.ProjectResourceBundle - org.apache.axis.i18n.resource::handleGetObject(newElem00)
DEBUG main org.apache.axis.message.MessageElement - New MessageElement (org.apache.axis.message.MessageElement@795cd85e) named {}idRegisteredEvidence
DEBUG main org.apache.axis.encoding.DeserializationContext - Pushing element idRegisteredEvidence
DEBUG main org.apache.axis.utils.NSStack - NSPush (32)
DEBUG main org.apache.axis.encoding.DeserializationContext - Exit: DeserializationContext::startElement()
DEBUG main org.apache.axis.encoding.DeserializationContext - Enter: DeserializationContext::endElement(, idRegisteredEvidence)
DEBUG main org.apache.axis.i18n.ProjectResourceBundle - org.apache.axis.i18n.resource::handleGetObject(popHandler00)
DEBUG main org.apache.axis.encoding.DeserializationContext - Popping handler org.apache.axis.message.SOAPHandler@402bba4f
DEBUG main org.apache.axis.utils.NSStack - NSPop (32)
DEBUG main org.apache.axis.encoding.DeserializationContext - Popped element stack to org.apache.axis.message.MessageElement:return
DEBUG main org.apache.axis.encoding.DeserializationContext - Exit: DeserializationContext::endElement()
DEBUG main org.apache.axis.encoding.DeserializationContext - Enter: DeserializationContext::startElement(, idRegisteredEvidenceItemMain)
DEBUG main org.apache.axis.i18n.ProjectResourceBundle - org.apache.axis.i18n.resource::handleGetObject(pushHandler00)
DEBUG main org.apache.axis.encoding.DeserializationContext - Pushing handler org.apache.axis.message.SOAPHandler@123ef382
DEBUG main org.apache.axis.i18n.ProjectResourceBundle - org.apache.axis.i18n.resource::handleGetObject(newElem00)
DEBUG main org.apache.axis.message.MessageElement - New MessageElement (org.apache.axis.message.MessageElement@dbf57b3) named {}idRegisteredEvidenceItemMain
DEBUG main org.apache.axis.encoding.DeserializationContext - Pushing element idRegisteredEvidenceItemMain
DEBUG main org.apache.axis.utils.NSStack - NSPush (32)
DEBUG main org.apache.axis.encoding.DeserializationContext - Exit: DeserializationContext::startElement()
DEBUG main org.apache.axis.encoding.DeserializationContext - Enter: DeserializationContext::endElement(, idRegisteredEvidenceItemMain)
DEBUG main org.apache.axis.i18n.ProjectResourceBundle - org.apache.axis.i18n.resource::handleGetObject(popHandler00)
DEBUG main org.apache.axis.encoding.DeserializationContext - Popping handler org.apache.axis.message.SOAPHandler@123ef382
DEBUG main org.apache.axis.utils.NSStack - NSPop (32)
DEBUG main org.apache.axis.encoding.DeserializationContext - Popped element stack to org.apache.axis.message.MessageElement:return
DEBUG main org.apache.axis.encoding.DeserializationContext - Exit: DeserializationContext::endElement()
DEBUG main org.apache.axis.encoding.DeserializationContext - Enter: DeserializationContext::startElement(, mensajeValidacion)
DEBUG main org.apache.axis.i18n.ProjectResourceBundle - org.apache.axis.i18n.resource::handleGetObject(pushHandler00)
DEBUG main org.apache.axis.encoding.DeserializationContext - Pushing handler org.apache.axis.message.SOAPHandler@384ad17b
DEBUG main org.apache.axis.i18n.ProjectResourceBundle - org.apache.axis.i18n.resource::handleGetObject(newElem00)
DEBUG main org.apache.axis.message.MessageElement - New MessageElement (org.apache.axis.message.MessageElement@61862a7f) named {}mensajeValidacion
DEBUG main org.apache.axis.encoding.DeserializationContext - Pushing element mensajeValidacion
DEBUG main org.apache.axis.utils.NSStack - NSPush (32)
DEBUG main org.apache.axis.encoding.DeserializationContext - Exit: DeserializationContext::startElement()
DEBUG main org.apache.axis.encoding.DeserializationContext - Enter: DeserializationContext::endElement(, mensajeValidacion)
DEBUG main org.apache.axis.i18n.ProjectResourceBundle - org.apache.axis.i18n.resource::handleGetObject(popHandler00)
DEBUG main org.apache.axis.encoding.DeserializationContext - Popping handler org.apache.axis.message.SOAPHandler@384ad17b
DEBUG main org.apache.axis.utils.NSStack - NSPop (32)
DEBUG main org.apache.axis.encoding.DeserializationContext - Popped element stack to org.apache.axis.message.MessageElement:return
DEBUG main org.apache.axis.encoding.DeserializationContext - Exit: DeserializationContext::endElement()
DEBUG main org.apache.axis.encoding.DeserializationContext - Enter: DeserializationContext::startElement(, resultadoValidacion)
DEBUG main org.apache.axis.i18n.ProjectResourceBundle - org.apache.axis.i18n.resource::handleGetObject(pushHandler00)
DEBUG main org.apache.axis.encoding.DeserializationContext - Pushing handler org.apache.axis.message.SOAPHandler@441772e
DEBUG main org.apache.axis.i18n.ProjectResourceBundle - org.apache.axis.i18n.resource::handleGetObject(newElem00)
DEBUG main org.apache.axis.message.MessageElement - New MessageElement (org.apache.axis.message.MessageElement@7334aada) named {}resultadoValidacion
DEBUG main org.apache.axis.encoding.DeserializationContext - Pushing element resultadoValidacion
DEBUG main org.apache.axis.utils.NSStack - NSPush (32)
DEBUG main org.apache.axis.encoding.DeserializationContext - Exit: DeserializationContext::startElement()
DEBUG main org.apache.axis.encoding.DeserializationContext - Enter: DeserializationContext::endElement(, resultadoValidacion)
DEBUG main org.apache.axis.i18n.ProjectResourceBundle - org.apache.axis.i18n.resource::handleGetObject(popHandler00)
DEBUG main org.apache.axis.encoding.DeserializationContext - Popping handler org.apache.axis.message.SOAPHandler@441772e
DEBUG main org.apache.axis.utils.NSStack - NSPop (32)
DEBUG main org.apache.axis.encoding.DeserializationContext - Popped element stack to org.apache.axis.message.MessageElement:return
DEBUG main org.apache.axis.encoding.DeserializationContext - Exit: DeserializationContext::endElement()
DEBUG main org.apache.axis.encoding.DeserializationContext - Enter: DeserializationContext::startElement(, signersCertificatesSerials)
DEBUG main org.apache.axis.i18n.ProjectResourceBundle - org.apache.axis.i18n.resource::handleGetObject(pushHandler00)
DEBUG main org.apache.axis.encoding.DeserializationContext - Pushing handler org.apache.axis.message.SOAPHandler@1d9b7cce
DEBUG main org.apache.axis.i18n.ProjectResourceBundle - org.apache.axis.i18n.resource::handleGetObject(newElem00)
DEBUG main org.apache.axis.message.MessageElement - New MessageElement (org.apache.axis.message.MessageElement@4d9e68d0) named {}signersCertificatesSerials
DEBUG main org.apache.axis.encoding.DeserializationContext - Pushing element signersCertificatesSerials
DEBUG main org.apache.axis.utils.NSStack - NSPush (32)
DEBUG main org.apache.axis.encoding.DeserializationContext - Exit: DeserializationContext::startElement()
DEBUG main org.apache.axis.encoding.DeserializationContext - Enter: DeserializationContext::endElement(, signersCertificatesSerials)
DEBUG main org.apache.axis.i18n.ProjectResourceBundle - org.apache.axis.i18n.resource::handleGetObject(popHandler00)
DEBUG main org.apache.axis.encoding.DeserializationContext - Popping handler org.apache.axis.message.SOAPHandler@1d9b7cce
DEBUG main org.apache.axis.utils.NSStack - NSPop (32)
DEBUG main org.apache.axis.encoding.DeserializationContext - Popped element stack to org.apache.axis.message.MessageElement:return
DEBUG main org.apache.axis.encoding.DeserializationContext - Exit: DeserializationContext::endElement()
DEBUG main org.apache.axis.encoding.DeserializationContext - Enter: DeserializationContext::startElement(, signersCertificatesSubjects)
DEBUG main org.apache.axis.i18n.ProjectResourceBundle - org.apache.axis.i18n.resource::handleGetObject(pushHandler00)
DEBUG main org.apache.axis.encoding.DeserializationContext - Pushing handler org.apache.axis.message.SOAPHandler@42e99e4a
DEBUG main org.apache.axis.i18n.ProjectResourceBundle - org.apache.axis.i18n.resource::handleGetObject(newElem00)
DEBUG main org.apache.axis.message.MessageElement - New MessageElement (org.apache.axis.message.MessageElement@14dd9eb7) named {}signersCertificatesSubjects
DEBUG main org.apache.axis.encoding.DeserializationContext - Pushing element signersCertificatesSubjects
DEBUG main org.apache.axis.utils.NSStack - NSPush (32)
DEBUG main org.apache.axis.encoding.DeserializationContext - Exit: DeserializationContext::startElement()
DEBUG main org.apache.axis.encoding.DeserializationContext - Enter: DeserializationContext::endElement(, signersCertificatesSubjects)
DEBUG main org.apache.axis.i18n.ProjectResourceBundle - org.apache.axis.i18n.resource::handleGetObject(popHandler00)
DEBUG main org.apache.axis.encoding.DeserializationContext - Popping handler org.apache.axis.message.SOAPHandler@42e99e4a
DEBUG main org.apache.axis.utils.NSStack - NSPop (32)
DEBUG main org.apache.axis.encoding.DeserializationContext - Popped element stack to org.apache.axis.message.MessageElement:return
DEBUG main org.apache.axis.encoding.DeserializationContext - Exit: DeserializationContext::endElement()
DEBUG main org.apache.axis.encoding.DeserializationContext - Enter: DeserializationContext::endElement(, return)
DEBUG main org.apache.axis.i18n.ProjectResourceBundle - org.apache.axis.i18n.resource::handleGetObject(popHandler00)
DEBUG main org.apache.axis.encoding.DeserializationContext - Popping handler org.apache.axis.message.SOAPHandler@498d318c
DEBUG main org.apache.axis.utils.NSStack - NSPop (32)
DEBUG main org.apache.axis.encoding.DeserializationContext - Popped element stack to org.apache.axis.message.RPCElement:registrarEvidenciaDigitalResponse
DEBUG main org.apache.axis.encoding.DeserializationContext - Exit: DeserializationContext::endElement()
DEBUG main org.apache.axis.encoding.DeserializationContext - Enter: DeserializationContext::endElement(http://ws.evidencia.ares.softcol.com.co/, registrarEvidenciaDigitalResponse)
DEBUG main org.apache.axis.i18n.ProjectResourceBundle - org.apache.axis.i18n.resource::handleGetObject(popHandler00)
DEBUG main org.apache.axis.encoding.DeserializationContext - Popping handler org.apache.axis.message.SOAPHandler@40ef3420
DEBUG main org.apache.axis.utils.NSStack - NSPop (32)
DEBUG main org.apache.axis.encoding.DeserializationContext - Popped element stack to org.apache.axis.message.SOAPBody:Body
DEBUG main org.apache.axis.encoding.DeserializationContext - Exit: DeserializationContext::endElement()
DEBUG main org.apache.axis.encoding.DeserializationContext - Enter: DeserializationContext::endPrefixMapping(ns1)
DEBUG main org.apache.axis.encoding.DeserializationContext - Exit: DeserializationContext::endPrefixMapping()
DEBUG main org.apache.axis.encoding.DeserializationContext - Enter: DeserializationContext::endElement(http://schemas.xmlsoap.org/soap/envelope/, Body)
DEBUG main org.apache.axis.i18n.ProjectResourceBundle - org.apache.axis.i18n.resource::handleGetObject(popHandler00)
DEBUG main org.apache.axis.encoding.DeserializationContext - Popping handler org.apache.axis.message.BodyBuilder@43195e57
DEBUG main org.apache.axis.utils.NSStack - NSPop (32)
DEBUG main org.apache.axis.encoding.DeserializationContext - Popped element stack to org.apache.axis.message.SOAPEnvelope:Envelope
DEBUG main org.apache.axis.encoding.DeserializationContext - Exit: DeserializationContext::endElement()
DEBUG main org.apache.axis.encoding.DeserializationContext - Enter: DeserializationContext::endElement(http://schemas.xmlsoap.org/soap/envelope/, Envelope)
DEBUG main org.apache.axis.i18n.ProjectResourceBundle - org.apache.axis.i18n.resource::handleGetObject(popHandler00)
DEBUG main org.apache.axis.encoding.DeserializationContext - Popping handler org.apache.axis.message.EnvelopeBuilder@192d43ce
DEBUG main org.apache.axis.i18n.ProjectResourceBundle - org.apache.axis.i18n.resource::handleGetObject(empty00)
DEBUG main org.apache.axis.utils.NSStack - NSPop (empty)
DEBUG main org.apache.axis.encoding.DeserializationContext - Popped element stack to null
DEBUG main org.apache.axis.encoding.DeserializationContext - Exit: DeserializationContext::endElement()
DEBUG main org.apache.axis.encoding.DeserializationContext - Enter: DeserializationContext::endPrefixMapping(env)
DEBUG main org.apache.axis.encoding.DeserializationContext - Exit: DeserializationContext::endPrefixMapping()
DEBUG main org.apache.axis.encoding.DeserializationContext - Enter: DeserializationContext::endDocument()
DEBUG main org.apache.axis.encoding.DeserializationContext - Exit: DeserializationContext::endDocument()
DEBUG main org.apache.axis.i18n.ProjectResourceBundle - org.apache.axis.i18n.resource::handleGetObject(setMsgForm)
DEBUG main org.apache.axis.SOAPPart - Setting current message form to: FORM_SOAPENVELOPE (currentMessage is now org.apache.axis.message.SOAPEnvelope)
DEBUG main org.apache.axis.SOAPPart - Exit: SOAPPart::getAsSOAPEnvelope
DEBUG main org.apache.axis.i18n.ProjectResourceBundle - org.apache.axis.i18n.resource::handleGetObject(register00)
DEBUG main org.apache.axis.encoding.SerializationContext - register 'env' - 'http://schemas.xmlsoap.org/soap/envelope/'
DEBUG main org.apache.axis.utils.NSStack - NSPush (32)
DEBUG main org.apache.axis.utils.NSStack - NSPush (32)
DEBUG main org.apache.axis.i18n.ProjectResourceBundle - org.apache.axis.i18n.resource::handleGetObject(startElem00)
DEBUG main org.apache.axis.encoding.SerializationContext - Start element [http://schemas.xmlsoap.org/soap/envelope/]:Envelope
DEBUG main org.apache.axis.i18n.ProjectResourceBundle - org.apache.axis.i18n.resource::handleGetObject(startElem00)
DEBUG main org.apache.axis.encoding.SerializationContext - Start element [http://schemas.xmlsoap.org/soap/envelope/]:Body
DEBUG main org.apache.axis.utils.NSStack - NSPush (32)
DEBUG main org.apache.axis.i18n.ProjectResourceBundle - org.apache.axis.i18n.resource::handleGetObject(register00)
DEBUG main org.apache.axis.encoding.SerializationContext - register 'ns1' - 'http://ws.evidencia.ares.softcol.com.co/'
DEBUG main org.apache.axis.utils.NSStack - NSPush (32)
DEBUG main org.apache.axis.utils.NSStack - NSPush (32)
DEBUG main org.apache.axis.message.SAXOutputter - SAXOutputter.startElement ['http://ws.evidencia.ares.softcol.com.co/' registrarEvidenciaDigitalResponse]
DEBUG main org.apache.axis.i18n.ProjectResourceBundle - org.apache.axis.i18n.resource::handleGetObject(startElem00)
DEBUG main org.apache.axis.encoding.SerializationContext - Start element [http://ws.evidencia.ares.softcol.com.co/]:registrarEvidenciaDigitalResponse
DEBUG main org.apache.axis.message.SAXOutputter - SAXOutputter.startElement ['' return]
DEBUG main org.apache.axis.i18n.ProjectResourceBundle - org.apache.axis.i18n.resource::handleGetObject(startElem00)
DEBUG main org.apache.axis.encoding.SerializationContext - Start element []:return
DEBUG main org.apache.axis.utils.NSStack - NSPush (32)
DEBUG main org.apache.axis.message.SAXOutputter - SAXOutputter.startElement ['' idRegisteredEvidence]
DEBUG main org.apache.axis.i18n.ProjectResourceBundle - org.apache.axis.i18n.resource::handleGetObject(startElem00)
DEBUG main org.apache.axis.encoding.SerializationContext - Start element []:idRegisteredEvidence
DEBUG main org.apache.axis.utils.NSStack - NSPush (32)
DEBUG main org.apache.axis.message.SAXOutputter - SAXOutputter.characters ['249878']
DEBUG main org.apache.axis.message.SAXOutputter - SAXOutputter.endElement ['' idRegisteredEvidence]
DEBUG main org.apache.axis.i18n.ProjectResourceBundle - org.apache.axis.i18n.resource::handleGetObject(endElem00)
DEBUG main org.apache.axis.encoding.SerializationContext - End element idRegisteredEvidence
DEBUG main org.apache.axis.utils.NSStack - NSPop (32)
DEBUG main org.apache.axis.message.SAXOutputter - SAXOutputter.startElement ['' idRegisteredEvidenceItemMain]
DEBUG main org.apache.axis.i18n.ProjectResourceBundle - org.apache.axis.i18n.resource::handleGetObject(startElem00)
DEBUG main org.apache.axis.encoding.SerializationContext - Start element []:idRegisteredEvidenceItemMain
DEBUG main org.apache.axis.utils.NSStack - NSPush (32)
DEBUG main org.apache.axis.message.SAXOutputter - SAXOutputter.characters ['249878']
DEBUG main org.apache.axis.message.SAXOutputter - SAXOutputter.endElement ['' idRegisteredEvidenceItemMain]
DEBUG main org.apache.axis.i18n.ProjectResourceBundle - org.apache.axis.i18n.resource::handleGetObject(endElem00)
DEBUG main org.apache.axis.encoding.SerializationContext - End element idRegisteredEvidenceItemMain
DEBUG main org.apache.axis.utils.NSStack - NSPop (32)
DEBUG main org.apache.axis.message.SAXOutputter - SAXOutputter.startElement ['' mensajeValidacion]
DEBUG main org.apache.axis.i18n.ProjectResourceBundle - org.apache.axis.i18n.resource::handleGetObject(startElem00)
DEBUG main org.apache.axis.encoding.SerializationContext - Start element []:mensajeValidacion
DEBUG main org.apache.axis.utils.NSStack - NSPush (32)
DEBUG main org.apache.axis.message.SAXOutputter - SAXOutputter.characters ['OK']
DEBUG main org.apache.axis.message.SAXOutputter - SAXOutputter.endElement ['' mensajeValidacion]
DEBUG main org.apache.axis.i18n.ProjectResourceBundle - org.apache.axis.i18n.resource::handleGetObject(endElem00)
DEBUG main org.apache.axis.encoding.SerializationContext - End element mensajeValidacion
DEBUG main org.apache.axis.utils.NSStack - NSPop (32)
DEBUG main org.apache.axis.message.SAXOutputter - SAXOutputter.startElement ['' resultadoValidacion]
DEBUG main org.apache.axis.i18n.ProjectResourceBundle - org.apache.axis.i18n.resource::handleGetObject(startElem00)
DEBUG main org.apache.axis.encoding.SerializationContext - Start element []:resultadoValidacion
DEBUG main org.apache.axis.utils.NSStack - NSPush (32)
DEBUG main org.apache.axis.message.SAXOutputter - SAXOutputter.characters ['true']
DEBUG main org.apache.axis.message.SAXOutputter - SAXOutputter.endElement ['' resultadoValidacion]
DEBUG main org.apache.axis.i18n.ProjectResourceBundle - org.apache.axis.i18n.resource::handleGetObject(endElem00)
DEBUG main org.apache.axis.encoding.SerializationContext - End element resultadoValidacion
DEBUG main org.apache.axis.utils.NSStack - NSPop (32)
DEBUG main org.apache.axis.message.SAXOutputter - SAXOutputter.startElement ['' signersCertificatesSerials]
DEBUG main org.apache.axis.i18n.ProjectResourceBundle - org.apache.axis.i18n.resource::handleGetObject(startElem00)
DEBUG main org.apache.axis.encoding.SerializationContext - Start element []:signersCertificatesSerials
DEBUG main org.apache.axis.utils.NSStack - NSPush (32)
DEBUG main org.apache.axis.message.SAXOutputter - SAXOutputter.characters ['7506292070371044707']
DEBUG main org.apache.axis.message.SAXOutputter - SAXOutputter.endElement ['' signersCertificatesSerials]
DEBUG main org.apache.axis.i18n.ProjectResourceBundle - org.apache.axis.i18n.resource::handleGetObject(endElem00)
DEBUG main org.apache.axis.encoding.SerializationContext - End element signersCertificatesSerials
DEBUG main org.apache.axis.utils.NSStack - NSPop (32)
DEBUG main org.apache.axis.message.SAXOutputter - SAXOutputter.startElement ['' signersCertificatesSubjects]
DEBUG main org.apache.axis.i18n.ProjectResourceBundle - org.apache.axis.i18n.resource::handleGetObject(startElem00)
DEBUG main org.apache.axis.encoding.SerializationContext - Start element []:signersCertificatesSubjects
DEBUG main org.apache.axis.utils.NSStack - NSPush (32)
DEBUG main org.apache.axis.message.SAXOutputter - SAXOutputter.characters ['OID.1.3.6.1.4.1.31136.2.2.1.2.3=8999990110, OID.1.3.6.1.4.1.31136.2.2.1.2.2=NIT, OID.1.3.6.1.4.1.31136.2.2.1.2.1=Cedula Ciudadania, STREET=CALLE 66 NO 83 42 BARRIO SAN MARCOS, OID.2.5.4.13=Funcion Publica, OID.2.5.4.12=ASESOR, CN=INGRID PAYARES ANILLO, OU=SESORIA, O=DEPARTAMENTO NACIONAL DE PLANEACION, OID.2.5.4.42=INGRID, OID.2.5.4.5=52812023, ST=BOGOTA D.C., L=BOGOTA, OID.2.5.4.4=PAYARES ANILLO, OID.1.2.840.113549.1.9.1=ipayares@dnp.gov.co, C=CO']
DEBUG main org.apache.axis.message.SAXOutputter - SAXOutputter.endElement ['' signersCertificatesSubjects]
DEBUG main org.apache.axis.i18n.ProjectResourceBundle - org.apache.axis.i18n.resource::handleGetObject(endElem00)
DEBUG main org.apache.axis.encoding.SerializationContext - End element signersCertificatesSubjects
DEBUG main org.apache.axis.utils.NSStack - NSPop (32)
DEBUG main org.apache.axis.message.SAXOutputter - SAXOutputter.endElement ['' return]
DEBUG main org.apache.axis.i18n.ProjectResourceBundle - org.apache.axis.i18n.resource::handleGetObject(endElem00)
DEBUG main org.apache.axis.encoding.SerializationContext - End element return
DEBUG main org.apache.axis.utils.NSStack - NSPop (32)
DEBUG main org.apache.axis.message.SAXOutputter - SAXOutputter.endElement ['http://ws.evidencia.ares.softcol.com.co/' registrarEvidenciaDigitalResponse]
DEBUG main org.apache.axis.i18n.ProjectResourceBundle - org.apache.axis.i18n.resource::handleGetObject(endElem00)
DEBUG main org.apache.axis.encoding.SerializationContext - End element ns1:registrarEvidenciaDigitalResponse
DEBUG main org.apache.axis.utils.NSStack - NSPop (32)
DEBUG main org.apache.axis.i18n.ProjectResourceBundle - org.apache.axis.i18n.resource::handleGetObject(endElem00)
DEBUG main org.apache.axis.encoding.SerializationContext - End element env:Body
DEBUG main org.apache.axis.utils.NSStack - NSPop (32)
DEBUG main org.apache.axis.i18n.ProjectResourceBundle - org.apache.axis.i18n.resource::handleGetObject(endElem00)
DEBUG main org.apache.axis.encoding.SerializationContext - End element env:Envelope
DEBUG main org.apache.axis.i18n.ProjectResourceBundle - org.apache.axis.i18n.resource::handleGetObject(empty00)
DEBUG main org.apache.axis.utils.NSStack - NSPop (empty)
DEBUG main org.apache.axis.transport.http.HTTPSender - <env:Envelope xmlns:env="http://schemas.xmlsoap.org/soap/envelope/"><env:Body><ns1:registrarEvidenciaDigitalResponse xmlns:ns1="http://ws.evidencia.ares.softcol.com.co/"><return><idRegisteredEvidence>249878</idRegisteredEvidence><idRegisteredEvidenceItemMain>249878</idRegisteredEvidenceItemMain><mensajeValidacion>OK</mensajeValidacion><resultadoValidacion>true</resultadoValidacion><signersCertificatesSerials>7506292070371044707</signersCertificatesSerials><signersCertificatesSubjects>OID.1.3.6.1.4.1.31136.2.2.1.2.3=8999990110, OID.1.3.6.1.4.1.31136.2.2.1.2.2=NIT, OID.1.3.6.1.4.1.31136.2.2.1.2.1=Cedula Ciudadania, STREET=CALLE 66 NO 83 42 BARRIO SAN MARCOS, OID.2.5.4.13=Funcion Publica, OID.2.5.4.12=ASESOR, CN=INGRID PAYARES ANILLO, OU=SESORIA, O=DEPARTAMENTO NACIONAL DE PLANEACION, OID.2.5.4.42=INGRID, OID.2.5.4.5=52812023, ST=BOGOTA D.C., L=BOGOTA, OID.2.5.4.4=PAYARES ANILLO, OID.1.2.840.113549.1.9.1=ipayares@dnp.gov.co, C=CO</signersCertificatesSubjects></return></ns1:registrarEvidenciaDigitalResponse></env:Body></env:Envelope>
DEBUG main org.apache.axis.i18n.ProjectResourceBundle - org.apache.axis.i18n.resource::handleGetObject(exit00)
DEBUG main org.apache.axis.transport.http.HTTPSender - Exit:  HTTPDispatchHandler::invoke
DEBUG main org.apache.axis.SimpleChain - Exit: SimpleChain::invoke
DEBUG main org.apache.axis.i18n.ProjectResourceBundle - org.apache.axis.i18n.resource::handleGetObject(semanticCheck00)
DEBUG main org.apache.axis.handlers.soap.MustUnderstandChecker - Doing SOAP semantic checks...
DEBUG main org.apache.axis.SOAPPart - Enter: SOAPPart::getAsSOAPEnvelope()
DEBUG main org.apache.axis.i18n.ProjectResourceBundle - org.apache.axis.i18n.resource::handleGetObject(currForm)
DEBUG main org.apache.axis.SOAPPart - current form is FORM_SOAPENVELOPE
DEBUG main org.apache.axis.client.AxisClient - Exit: AxisClient::invoke
DEBUG main org.apache.axis.SOAPPart - Enter: SOAPPart::getAsSOAPEnvelope()
DEBUG main org.apache.axis.i18n.ProjectResourceBundle - org.apache.axis.i18n.resource::handleGetObject(currForm)
DEBUG main org.apache.axis.SOAPPart - current form is FORM_SOAPENVELOPE
DEBUG main org.apache.axis.client.Call - Exit: Call::invoke()
DEBUG main org.apache.axis.SOAPPart - Enter: SOAPPart::getAsSOAPEnvelope()
DEBUG main org.apache.axis.i18n.ProjectResourceBundle - org.apache.axis.i18n.resource::handleGetObject(currForm)
DEBUG main org.apache.axis.SOAPPart - current form is FORM_SOAPENVELOPE
DEBUG main org.apache.axis.i18n.ProjectResourceBundle - org.apache.axis.i18n.resource::handleGetObject(pushHandler00)
DEBUG main org.apache.axis.encoding.DeserializationContext - Pushing handler org.apache.axis.message.EnvelopeHandler@62150f9e
DEBUG main org.apache.axis.encoding.DeserializationContext - Enter: DeserializationContext::startPrefixMapping(ns1, http://ws.evidencia.ares.softcol.com.co/)
DEBUG main org.apache.axis.utils.NSStack - NSPush (32)
DEBUG main org.apache.axis.utils.NSStack - NSPush (32)
DEBUG main org.apache.axis.encoding.DeserializationContext - Exit: DeserializationContext::startPrefixMapping()
DEBUG main org.apache.axis.encoding.DeserializationContext - Enter: DeserializationContext::startElement(http://ws.evidencia.ares.softcol.com.co/, registrarEvidenciaDigitalResponse)
DEBUG main org.apache.axis.i18n.ProjectResourceBundle - org.apache.axis.i18n.resource::handleGetObject(pushHandler00)
DEBUG main org.apache.axis.encoding.DeserializationContext - Pushing handler org.apache.axis.message.RPCHandler@1a451d4d
DEBUG main org.apache.axis.encoding.DeserializationContext - Exit: DeserializationContext::startElement()
DEBUG main org.apache.axis.encoding.DeserializationContext - Enter: DeserializationContext::startElement(, return)
DEBUG main org.apache.axis.message.RPCHandler - Enter: RPCHandler.onStartChild()
DEBUG main org.apache.axis.i18n.ProjectResourceBundle - org.apache.axis.i18n.resource::handleGetObject(typeFromAttr00)
DEBUG main org.apache.axis.message.RPCHandler - Type from attributes is:  null
DEBUG main org.apache.axis.message.RPCHandler - Exit: RPCHandler.onStartChild()
DEBUG main org.apache.axis.i18n.ProjectResourceBundle - org.apache.axis.i18n.resource::handleGetObject(pushHandler00)
DEBUG main org.apache.axis.encoding.DeserializationContext - Pushing handler org.apache.axis.encoding.ser.BeanDeserializer@5e0826e7
DEBUG main org.apache.axis.utils.NSStack - NSPush (32)
DEBUG main org.apache.axis.encoding.DeserializationContext - Exit: DeserializationContext::startElement()
DEBUG main org.apache.axis.encoding.DeserializationContext - Enter: DeserializationContext::startElement(, idRegisteredEvidence)
DEBUG main org.apache.axis.i18n.ProjectResourceBundle - org.apache.axis.i18n.resource::handleGetObject(pushHandler00)
DEBUG main org.apache.axis.encoding.DeserializationContext - Pushing handler org.apache.axis.encoding.ser.SimpleDeserializer@3ce1e309
DEBUG main org.apache.axis.utils.NSStack - NSPush (32)
DEBUG main org.apache.axis.encoding.DeserializationContext - Exit: DeserializationContext::startElement()
DEBUG main org.apache.axis.encoding.DeserializationContext - Enter: DeserializationContext::endElement(, idRegisteredEvidence)
DEBUG main org.apache.axis.i18n.ProjectResourceBundle - org.apache.axis.i18n.resource::handleGetObject(popHandler00)
DEBUG main org.apache.axis.encoding.DeserializationContext - Popping handler org.apache.axis.encoding.ser.SimpleDeserializer@3ce1e309
DEBUG main org.apache.axis.i18n.ProjectResourceBundle - org.apache.axis.i18n.resource::handleGetObject(setValueInTarget00)
DEBUG main org.apache.axis.encoding.DeserializerImpl - Set value 249878 in target org.apache.axis.encoding.ser.BeanPropertyTarget@74e52303
DEBUG main org.apache.axis.i18n.ProjectResourceBundle - org.apache.axis.i18n.resource::handleGetObject(setValueInTarget00)
DEBUG main org.apache.axis.encoding.DeserializerImpl - Set value 249878 in target org.apache.axis.encoding.CallbackTarget@47af7f3d
DEBUG main org.apache.axis.utils.NSStack - NSPop (32)
DEBUG main org.apache.axis.encoding.DeserializationContext - Popped element stack to org.apache.axis.message.MessageElement:return
DEBUG main org.apache.axis.encoding.DeserializationContext - Exit: DeserializationContext::endElement()
DEBUG main org.apache.axis.encoding.DeserializationContext - Enter: DeserializationContext::startElement(, idRegisteredEvidenceItemMain)
DEBUG main org.apache.axis.i18n.ProjectResourceBundle - org.apache.axis.i18n.resource::handleGetObject(pushHandler00)
DEBUG main org.apache.axis.encoding.DeserializationContext - Pushing handler org.apache.axis.encoding.ser.SimpleDeserializer@7c729a55
DEBUG main org.apache.axis.utils.NSStack - NSPush (32)
DEBUG main org.apache.axis.encoding.DeserializationContext - Exit: DeserializationContext::startElement()
DEBUG main org.apache.axis.encoding.DeserializationContext - Enter: DeserializationContext::endElement(, idRegisteredEvidenceItemMain)
DEBUG main org.apache.axis.i18n.ProjectResourceBundle - org.apache.axis.i18n.resource::handleGetObject(popHandler00)
DEBUG main org.apache.axis.encoding.DeserializationContext - Popping handler org.apache.axis.encoding.ser.SimpleDeserializer@7c729a55
DEBUG main org.apache.axis.i18n.ProjectResourceBundle - org.apache.axis.i18n.resource::handleGetObject(setValueInTarget00)
DEBUG main org.apache.axis.encoding.DeserializerImpl - Set value 249878 in target org.apache.axis.encoding.ser.BeanPropertyTarget@3bb9a3ff
DEBUG main org.apache.axis.i18n.ProjectResourceBundle - org.apache.axis.i18n.resource::handleGetObject(setValueInTarget00)
DEBUG main org.apache.axis.encoding.DeserializerImpl - Set value 249878 in target org.apache.axis.encoding.CallbackTarget@661972b0
DEBUG main org.apache.axis.utils.NSStack - NSPop (32)
DEBUG main org.apache.axis.encoding.DeserializationContext - Popped element stack to org.apache.axis.message.MessageElement:return
DEBUG main org.apache.axis.encoding.DeserializationContext - Exit: DeserializationContext::endElement()
DEBUG main org.apache.axis.encoding.DeserializationContext - Enter: DeserializationContext::startElement(, mensajeValidacion)
DEBUG main org.apache.axis.i18n.ProjectResourceBundle - org.apache.axis.i18n.resource::handleGetObject(pushHandler00)
DEBUG main org.apache.axis.encoding.DeserializationContext - Pushing handler org.apache.axis.encoding.ser.SimpleDeserializer@5af3afd9
DEBUG main org.apache.axis.utils.NSStack - NSPush (32)
DEBUG main org.apache.axis.encoding.DeserializationContext - Exit: DeserializationContext::startElement()
DEBUG main org.apache.axis.encoding.DeserializationContext - Enter: DeserializationContext::endElement(, mensajeValidacion)
DEBUG main org.apache.axis.i18n.ProjectResourceBundle - org.apache.axis.i18n.resource::handleGetObject(popHandler00)
DEBUG main org.apache.axis.encoding.DeserializationContext - Popping handler org.apache.axis.encoding.ser.SimpleDeserializer@5af3afd9
DEBUG main org.apache.axis.i18n.ProjectResourceBundle - org.apache.axis.i18n.resource::handleGetObject(setValueInTarget00)
DEBUG main org.apache.axis.encoding.DeserializerImpl - Set value OK in target org.apache.axis.encoding.ser.BeanPropertyTarget@323b36e0
DEBUG main org.apache.axis.i18n.ProjectResourceBundle - org.apache.axis.i18n.resource::handleGetObject(setValueInTarget00)
DEBUG main org.apache.axis.encoding.DeserializerImpl - Set value OK in target org.apache.axis.encoding.CallbackTarget@44ebcd03
DEBUG main org.apache.axis.utils.NSStack - NSPop (32)
DEBUG main org.apache.axis.encoding.DeserializationContext - Popped element stack to org.apache.axis.message.MessageElement:return
DEBUG main org.apache.axis.encoding.DeserializationContext - Exit: DeserializationContext::endElement()
DEBUG main org.apache.axis.encoding.DeserializationContext - Enter: DeserializationContext::startElement(, resultadoValidacion)
DEBUG main org.apache.axis.i18n.ProjectResourceBundle - org.apache.axis.i18n.resource::handleGetObject(pushHandler00)
DEBUG main org.apache.axis.encoding.DeserializationContext - Pushing handler org.apache.axis.encoding.ser.SimpleDeserializer@694abbdc
DEBUG main org.apache.axis.utils.NSStack - NSPush (32)
DEBUG main org.apache.axis.encoding.DeserializationContext - Exit: DeserializationContext::startElement()
DEBUG main org.apache.axis.encoding.DeserializationContext - Enter: DeserializationContext::endElement(, resultadoValidacion)
DEBUG main org.apache.axis.i18n.ProjectResourceBundle - org.apache.axis.i18n.resource::handleGetObject(popHandler00)
DEBUG main org.apache.axis.encoding.DeserializationContext - Popping handler org.apache.axis.encoding.ser.SimpleDeserializer@694abbdc
DEBUG main org.apache.axis.i18n.ProjectResourceBundle - org.apache.axis.i18n.resource::handleGetObject(setValueInTarget00)
DEBUG main org.apache.axis.encoding.DeserializerImpl - Set value true in target org.apache.axis.encoding.ser.BeanPropertyTarget@2e005c4b
DEBUG main org.apache.axis.i18n.ProjectResourceBundle - org.apache.axis.i18n.resource::handleGetObject(setValueInTarget00)
DEBUG main org.apache.axis.encoding.DeserializerImpl - Set value true in target org.apache.axis.encoding.CallbackTarget@4567f35d
DEBUG main org.apache.axis.utils.NSStack - NSPop (32)
DEBUG main org.apache.axis.encoding.DeserializationContext - Popped element stack to org.apache.axis.message.MessageElement:return
DEBUG main org.apache.axis.encoding.DeserializationContext - Exit: DeserializationContext::endElement()
DEBUG main org.apache.axis.encoding.DeserializationContext - Enter: DeserializationContext::startElement(, signersCertificatesSerials)
DEBUG main org.apache.axis.i18n.ProjectResourceBundle - org.apache.axis.i18n.resource::handleGetObject(pushHandler00)
DEBUG main org.apache.axis.encoding.DeserializationContext - Pushing handler org.apache.axis.encoding.ser.SimpleDeserializer@5af3afd9
DEBUG main org.apache.axis.utils.NSStack - NSPush (32)
DEBUG main org.apache.axis.encoding.DeserializationContext - Exit: DeserializationContext::startElement()
DEBUG main org.apache.axis.encoding.DeserializationContext - Enter: DeserializationContext::endElement(, signersCertificatesSerials)
DEBUG main org.apache.axis.i18n.ProjectResourceBundle - org.apache.axis.i18n.resource::handleGetObject(popHandler00)
DEBUG main org.apache.axis.encoding.DeserializationContext - Popping handler org.apache.axis.encoding.ser.SimpleDeserializer@5af3afd9
DEBUG main org.apache.axis.i18n.ProjectResourceBundle - org.apache.axis.i18n.resource::handleGetObject(setValueInTarget00)
DEBUG main org.apache.axis.encoding.DeserializerImpl - Set value 7506292070371044707 in target org.apache.axis.encoding.ser.BeanPropertyTarget@5ffead27
DEBUG main org.apache.axis.i18n.ProjectResourceBundle - org.apache.axis.i18n.resource::handleGetObject(setValueInTarget00)
DEBUG main org.apache.axis.encoding.DeserializerImpl - Set value 7506292070371044707 in target org.apache.axis.encoding.CallbackTarget@6356695f
DEBUG main org.apache.axis.utils.NSStack - NSPop (32)
DEBUG main org.apache.axis.encoding.DeserializationContext - Popped element stack to org.apache.axis.message.MessageElement:return
DEBUG main org.apache.axis.encoding.DeserializationContext - Exit: DeserializationContext::endElement()
DEBUG main org.apache.axis.encoding.DeserializationContext - Enter: DeserializationContext::startElement(, signersCertificatesSubjects)
DEBUG main org.apache.axis.i18n.ProjectResourceBundle - org.apache.axis.i18n.resource::handleGetObject(pushHandler00)
DEBUG main org.apache.axis.encoding.DeserializationContext - Pushing handler org.apache.axis.encoding.ser.SimpleDeserializer@5af3afd9
DEBUG main org.apache.axis.utils.NSStack - NSPush (32)
DEBUG main org.apache.axis.encoding.DeserializationContext - Exit: DeserializationContext::startElement()
DEBUG main org.apache.axis.encoding.DeserializationContext - Enter: DeserializationContext::endElement(, signersCertificatesSubjects)
DEBUG main org.apache.axis.i18n.ProjectResourceBundle - org.apache.axis.i18n.resource::handleGetObject(popHandler00)
DEBUG main org.apache.axis.encoding.DeserializationContext - Popping handler org.apache.axis.encoding.ser.SimpleDeserializer@5af3afd9
DEBUG main org.apache.axis.i18n.ProjectResourceBundle - org.apache.axis.i18n.resource::handleGetObject(setValueInTarget00)
DEBUG main org.apache.axis.encoding.DeserializerImpl - Set value OID.1.3.6.1.4.1.31136.2.2.1.2.3=8999990110, OID.1.3.6.1.4.1.31136.2.2.1.2.2=NIT, OID.1.3.6.1.4.1.31136.2.2.1.2.1=Cedula Ciudadania, STREET=CALLE 66 NO 83 42 BARRIO SAN MARCOS, OID.2.5.4.13=Funcion Publica, OID.2.5.4.12=ASESOR, CN=INGRID PAYARES ANILLO, OU=SESORIA, O=DEPARTAMENTO NACIONAL DE PLANEACION, OID.2.5.4.42=INGRID, OID.2.5.4.5=52812023, ST=BOGOTA D.C., L=BOGOTA, OID.2.5.4.4=PAYARES ANILLO, OID.1.2.840.113549.1.9.1=ipayares@dnp.gov.co, C=CO in target org.apache.axis.encoding.ser.BeanPropertyTarget@4f18837a
DEBUG main org.apache.axis.i18n.ProjectResourceBundle - org.apache.axis.i18n.resource::handleGetObject(setValueInTarget00)
DEBUG main org.apache.axis.encoding.DeserializerImpl - Set value OID.1.3.6.1.4.1.31136.2.2.1.2.3=8999990110, OID.1.3.6.1.4.1.31136.2.2.1.2.2=NIT, OID.1.3.6.1.4.1.31136.2.2.1.2.1=Cedula Ciudadania, STREET=CALLE 66 NO 83 42 BARRIO SAN MARCOS, OID.2.5.4.13=Funcion Publica, OID.2.5.4.12=ASESOR, CN=INGRID PAYARES ANILLO, OU=SESORIA, O=DEPARTAMENTO NACIONAL DE PLANEACION, OID.2.5.4.42=INGRID, OID.2.5.4.5=52812023, ST=BOGOTA D.C., L=BOGOTA, OID.2.5.4.4=PAYARES ANILLO, OID.1.2.840.113549.1.9.1=ipayares@dnp.gov.co, C=CO in target org.apache.axis.encoding.CallbackTarget@359f7cdf
DEBUG main org.apache.axis.utils.NSStack - NSPop (32)
DEBUG main org.apache.axis.encoding.DeserializationContext - Popped element stack to org.apache.axis.message.MessageElement:return
DEBUG main org.apache.axis.encoding.DeserializationContext - Exit: DeserializationContext::endElement()
DEBUG main org.apache.axis.encoding.DeserializationContext - Enter: DeserializationContext::endElement(, return)
DEBUG main org.apache.axis.i18n.ProjectResourceBundle - org.apache.axis.i18n.resource::handleGetObject(popHandler00)
DEBUG main org.apache.axis.encoding.DeserializationContext - Popping handler org.apache.axis.encoding.ser.BeanDeserializer@5e0826e7
DEBUG main org.apache.axis.i18n.ProjectResourceBundle - org.apache.axis.i18n.resource::handleGetObject(setValueInTarget00)
DEBUG main org.apache.axis.encoding.DeserializerImpl - Set value co.com.softcol.ares.evidencia.ws.ServiceResponse@4b5fb542 in target org.apache.axis.message.RPCParamTarget@1fa268de
DEBUG main org.apache.axis.utils.NSStack - NSPop (32)
DEBUG main org.apache.axis.encoding.DeserializationContext - Popped element stack to org.apache.axis.message.RPCElement:registrarEvidenciaDigitalResponse
DEBUG main org.apache.axis.encoding.DeserializationContext - Exit: DeserializationContext::endElement()
DEBUG main org.apache.axis.encoding.DeserializationContext - Enter: DeserializationContext::endElement(http://ws.evidencia.ares.softcol.com.co/, registrarEvidenciaDigitalResponse)
DEBUG main org.apache.axis.i18n.ProjectResourceBundle - org.apache.axis.i18n.resource::handleGetObject(popHandler00)
DEBUG main org.apache.axis.encoding.DeserializationContext - Popping handler org.apache.axis.message.RPCHandler@1a451d4d
DEBUG main org.apache.axis.i18n.ProjectResourceBundle - org.apache.axis.i18n.resource::handleGetObject(setProp00)
DEBUG main org.apache.axis.message.RPCHandler - Setting MessageContext property in RPCHandler.endElement().
DEBUG main org.apache.axis.i18n.ProjectResourceBundle - org.apache.axis.i18n.resource::handleGetObject(empty00)
DEBUG main org.apache.axis.utils.NSStack - NSPop (empty)
DEBUG main org.apache.axis.encoding.DeserializationContext - Popped element stack to org.apache.axis.message.SOAPBody:Body
DEBUG main org.apache.axis.encoding.DeserializationContext - Exit: DeserializationContext::endElement()
DEBUG main org.apache.axis.client.Call - Exit: Call::invoke(RPCElement)
DEBUG main org.apache.axis.client.Call - Exit: Call::invoke(ns, meth, args)
DEBUG main org.apache.axis.TIME - axis.Call.invoke: 1344 {http://ws.evidencia.ares.softcol.com.co/}registrarEvidenciaDigital
DEBUG main org.apache.axis.SOAPPart - Enter: SOAPPart::saveChanges
DEBUG main org.apache.axis.i18n.ProjectResourceBundle - org.apache.axis.i18n.resource::handleGetObject(register00)
DEBUG main org.apache.axis.encoding.SerializationContext - register 'env' - 'http://schemas.xmlsoap.org/soap/envelope/'
DEBUG main org.apache.axis.utils.NSStack - NSPush (32)
DEBUG main org.apache.axis.utils.NSStack - NSPush (32)
DEBUG main org.apache.axis.i18n.ProjectResourceBundle - org.apache.axis.i18n.resource::handleGetObject(startElem00)
DEBUG main org.apache.axis.encoding.SerializationContext - Start element [http://schemas.xmlsoap.org/soap/envelope/]:Envelope
DEBUG main org.apache.axis.i18n.ProjectResourceBundle - org.apache.axis.i18n.resource::handleGetObject(headers00)
DEBUG main org.apache.axis.message.SOAPHeader - 0 headers
DEBUG main org.apache.axis.i18n.ProjectResourceBundle - org.apache.axis.i18n.resource::handleGetObject(startElem00)
DEBUG main org.apache.axis.encoding.SerializationContext - Start element [http://schemas.xmlsoap.org/soap/envelope/]:Body
DEBUG main org.apache.axis.utils.NSStack - NSPush (32)
DEBUG main org.apache.axis.i18n.ProjectResourceBundle - org.apache.axis.i18n.resource::handleGetObject(register00)
DEBUG main org.apache.axis.encoding.SerializationContext - register 'ns1' - 'http://ws.evidencia.ares.softcol.com.co/'
DEBUG main org.apache.axis.utils.NSStack - NSPush (32)
DEBUG main org.apache.axis.utils.NSStack - NSPush (32)
DEBUG main org.apache.axis.message.SAXOutputter - SAXOutputter.startElement ['http://ws.evidencia.ares.softcol.com.co/' registrarEvidenciaDigitalResponse]
DEBUG main org.apache.axis.i18n.ProjectResourceBundle - org.apache.axis.i18n.resource::handleGetObject(startElem00)
DEBUG main org.apache.axis.encoding.SerializationContext - Start element [http://ws.evidencia.ares.softcol.com.co/]:registrarEvidenciaDigitalResponse
DEBUG main org.apache.axis.message.SAXOutputter - SAXOutputter.startElement ['' return]
DEBUG main org.apache.axis.i18n.ProjectResourceBundle - org.apache.axis.i18n.resource::handleGetObject(startElem00)
DEBUG main org.apache.axis.encoding.SerializationContext - Start element []:return
DEBUG main org.apache.axis.utils.NSStack - NSPush (32)
DEBUG main org.apache.axis.message.SAXOutputter - SAXOutputter.startElement ['' idRegisteredEvidence]
DEBUG main org.apache.axis.i18n.ProjectResourceBundle - org.apache.axis.i18n.resource::handleGetObject(startElem00)
DEBUG main org.apache.axis.encoding.SerializationContext - Start element []:idRegisteredEvidence
DEBUG main org.apache.axis.utils.NSStack - NSPush (32)
DEBUG main org.apache.axis.message.SAXOutputter - SAXOutputter.characters ['249878']
DEBUG main org.apache.axis.message.SAXOutputter - SAXOutputter.endElement ['' idRegisteredEvidence]
DEBUG main org.apache.axis.i18n.ProjectResourceBundle - org.apache.axis.i18n.resource::handleGetObject(endElem00)
DEBUG main org.apache.axis.encoding.SerializationContext - End element idRegisteredEvidence
DEBUG main org.apache.axis.utils.NSStack - NSPop (32)
DEBUG main org.apache.axis.message.SAXOutputter - SAXOutputter.startElement ['' idRegisteredEvidenceItemMain]
DEBUG main org.apache.axis.i18n.ProjectResourceBundle - org.apache.axis.i18n.resource::handleGetObject(startElem00)
DEBUG main org.apache.axis.encoding.SerializationContext - Start element []:idRegisteredEvidenceItemMain
DEBUG main org.apache.axis.utils.NSStack - NSPush (32)
DEBUG main org.apache.axis.message.SAXOutputter - SAXOutputter.characters ['249878']
DEBUG main org.apache.axis.message.SAXOutputter - SAXOutputter.endElement ['' idRegisteredEvidenceItemMain]
DEBUG main org.apache.axis.i18n.ProjectResourceBundle - org.apache.axis.i18n.resource::handleGetObject(endElem00)
DEBUG main org.apache.axis.encoding.SerializationContext - End element idRegisteredEvidenceItemMain
DEBUG main org.apache.axis.utils.NSStack - NSPop (32)
DEBUG main org.apache.axis.message.SAXOutputter - SAXOutputter.startElement ['' mensajeValidacion]
DEBUG main org.apache.axis.i18n.ProjectResourceBundle - org.apache.axis.i18n.resource::handleGetObject(startElem00)
DEBUG main org.apache.axis.encoding.SerializationContext - Start element []:mensajeValidacion
DEBUG main org.apache.axis.utils.NSStack - NSPush (32)
DEBUG main org.apache.axis.message.SAXOutputter - SAXOutputter.characters ['OK']
DEBUG main org.apache.axis.message.SAXOutputter - SAXOutputter.endElement ['' mensajeValidacion]
DEBUG main org.apache.axis.i18n.ProjectResourceBundle - org.apache.axis.i18n.resource::handleGetObject(endElem00)
DEBUG main org.apache.axis.encoding.SerializationContext - End element mensajeValidacion
DEBUG main org.apache.axis.utils.NSStack - NSPop (32)
DEBUG main org.apache.axis.message.SAXOutputter - SAXOutputter.startElement ['' resultadoValidacion]
DEBUG main org.apache.axis.i18n.ProjectResourceBundle - org.apache.axis.i18n.resource::handleGetObject(startElem00)
DEBUG main org.apache.axis.encoding.SerializationContext - Start element []:resultadoValidacion
DEBUG main org.apache.axis.utils.NSStack - NSPush (32)
DEBUG main org.apache.axis.message.SAXOutputter - SAXOutputter.characters ['true']
DEBUG main org.apache.axis.message.SAXOutputter - SAXOutputter.endElement ['' resultadoValidacion]
DEBUG main org.apache.axis.i18n.ProjectResourceBundle - org.apache.axis.i18n.resource::handleGetObject(endElem00)
DEBUG main org.apache.axis.encoding.SerializationContext - End element resultadoValidacion
DEBUG main org.apache.axis.utils.NSStack - NSPop (32)
DEBUG main org.apache.axis.message.SAXOutputter - SAXOutputter.startElement ['' signersCertificatesSerials]
DEBUG main org.apache.axis.i18n.ProjectResourceBundle - org.apache.axis.i18n.resource::handleGetObject(startElem00)
DEBUG main org.apache.axis.encoding.SerializationContext - Start element []:signersCertificatesSerials
DEBUG main org.apache.axis.utils.NSStack - NSPush (32)
DEBUG main org.apache.axis.message.SAXOutputter - SAXOutputter.characters ['7506292070371044707']
DEBUG main org.apache.axis.message.SAXOutputter - SAXOutputter.endElement ['' signersCertificatesSerials]
DEBUG main org.apache.axis.i18n.ProjectResourceBundle - org.apache.axis.i18n.resource::handleGetObject(endElem00)
DEBUG main org.apache.axis.encoding.SerializationContext - End element signersCertificatesSerials
DEBUG main org.apache.axis.utils.NSStack - NSPop (32)
DEBUG main org.apache.axis.message.SAXOutputter - SAXOutputter.startElement ['' signersCertificatesSubjects]
DEBUG main org.apache.axis.i18n.ProjectResourceBundle - org.apache.axis.i18n.resource::handleGetObject(startElem00)
DEBUG main org.apache.axis.encoding.SerializationContext - Start element []:signersCertificatesSubjects
DEBUG main org.apache.axis.utils.NSStack - NSPush (32)
DEBUG main org.apache.axis.message.SAXOutputter - SAXOutputter.characters ['OID.1.3.6.1.4.1.31136.2.2.1.2.3=8999990110, OID.1.3.6.1.4.1.31136.2.2.1.2.2=NIT, OID.1.3.6.1.4.1.31136.2.2.1.2.1=Cedula Ciudadania, STREET=CALLE 66 NO 83 42 BARRIO SAN MARCOS, OID.2.5.4.13=Funcion Publica, OID.2.5.4.12=ASESOR, CN=INGRID PAYARES ANILLO, OU=SESORIA, O=DEPARTAMENTO NACIONAL DE PLANEACION, OID.2.5.4.42=INGRID, OID.2.5.4.5=52812023, ST=BOGOTA D.C., L=BOGOTA, OID.2.5.4.4=PAYARES ANILLO, OID.1.2.840.113549.1.9.1=ipayares@dnp.gov.co, C=CO']
DEBUG main org.apache.axis.message.SAXOutputter - SAXOutputter.endElement ['' signersCertificatesSubjects]
DEBUG main org.apache.axis.i18n.ProjectResourceBundle - org.apache.axis.i18n.resource::handleGetObject(endElem00)
DEBUG main org.apache.axis.encoding.SerializationContext - End element signersCertificatesSubjects
DEBUG main org.apache.axis.utils.NSStack - NSPop (32)
DEBUG main org.apache.axis.message.SAXOutputter - SAXOutputter.endElement ['' return]
DEBUG main org.apache.axis.i18n.ProjectResourceBundle - org.apache.axis.i18n.resource::handleGetObject(endElem00)
DEBUG main org.apache.axis.encoding.SerializationContext - End element return
DEBUG main org.apache.axis.utils.NSStack - NSPop (32)
DEBUG main org.apache.axis.message.SAXOutputter - SAXOutputter.endElement ['http://ws.evidencia.ares.softcol.com.co/' registrarEvidenciaDigitalResponse]
DEBUG main org.apache.axis.i18n.ProjectResourceBundle - org.apache.axis.i18n.resource::handleGetObject(endElem00)
DEBUG main org.apache.axis.encoding.SerializationContext - End element ns1:registrarEvidenciaDigitalResponse
DEBUG main org.apache.axis.utils.NSStack - NSPop (32)
DEBUG main org.apache.axis.i18n.ProjectResourceBundle - org.apache.axis.i18n.resource::handleGetObject(endElem00)
DEBUG main org.apache.axis.encoding.SerializationContext - End element env:Body
DEBUG main org.apache.axis.utils.NSStack - NSPop (32)
DEBUG main org.apache.axis.i18n.ProjectResourceBundle - org.apache.axis.i18n.resource::handleGetObject(endElem00)
DEBUG main org.apache.axis.encoding.SerializationContext - End element env:Envelope
DEBUG main org.apache.axis.i18n.ProjectResourceBundle - org.apache.axis.i18n.resource::handleGetObject(empty00)
DEBUG main org.apache.axis.utils.NSStack - NSPop (empty)
DEBUG main org.apache.axis.i18n.ProjectResourceBundle - org.apache.axis.i18n.resource::handleGetObject(setMsgForm)
DEBUG main org.apache.axis.SOAPPart - Setting current message form to: FORM_OPTIMIZED (currentMessage is now org.apache.axis.utils.ByteArray)
DEBUG main org.apache.axis.SOAPPart - Exit: SOAPPart::saveChanges(): org.apache.axis.utils.ByteArray@4f6ee6e4
INFO main co.com.sc.orfeo.SCOrfeo - Digital evidence recorded under id: 249878
